<?xml version="1.0" encoding="UTF-8"?>
<coverage generated="1769079808299" clover="3.2.0">
  <project timestamp="1769079808299" name="All files">
    <metrics statements="51" coveredstatements="44" conditionals="39" coveredconditionals="35" methods="7" coveredmethods="5" elements="97" coveredelements="84" complexity="0" loc="51" ncloc="51" packages="1" files="1" classes="1"/>
    <file name="scoring.ts" path="/Users/renanbandeira/Desktop/bolao-cearastats/src/lib/scoring.ts">
      <metrics statements="51" coveredstatements="44" conditionals="39" coveredconditionals="35" methods="7" coveredmethods="5"/>
      <line num="6" count="58" type="cond" truecount="2" falsecount="0"/>
      <line num="7" count="5" type="cond" truecount="2" falsecount="0"/>
      <line num="8" count="1" type="stmt"/>
      <line num="42" count="29" type="stmt"/>
      <line num="43" count="29" type="stmt"/>
      <line num="47" count="29" type="cond" truecount="2" falsecount="0"/>
      <line num="50" count="29" type="stmt"/>
      <line num="51" count="29" type="stmt"/>
      <line num="52" count="29" type="stmt"/>
      <line num="54" count="29" type="cond" truecount="2" falsecount="0"/>
      <line num="55" count="25" type="stmt"/>
      <line num="56" count="25" type="stmt"/>
      <line num="58" count="25" type="cond" truecount="2" falsecount="0"/>
      <line num="59" count="19" type="stmt"/>
      <line num="60" count="19" type="stmt"/>
      <line num="62" count="6" type="stmt"/>
      <line num="63" count="6" type="stmt"/>
      <line num="65" count="4" type="cond" truecount="2" falsecount="0"/>
      <line num="66" count="3" type="stmt"/>
      <line num="67" count="3" type="stmt"/>
      <line num="71" count="29" type="cond" truecount="5" falsecount="0"/>
      <line num="72" count="21" type="stmt"/>
      <line num="75" count="21" type="cond" truecount="2" falsecount="0"/>
      <line num="76" count="46" type="stmt"/>
      <line num="80" count="21" type="cond" truecount="2" falsecount="0"/>
      <line num="81" count="22" type="stmt"/>
      <line num="84" count="21" type="stmt"/>
      <line num="86" count="21" type="cond" truecount="2" falsecount="0"/>
      <line num="87" count="13" type="cond" truecount="2" falsecount="0"/>
      <line num="88" count="13" type="stmt"/>
      <line num="90" count="13" type="cond" truecount="2" falsecount="0"/>
      <line num="91" count="9" type="stmt"/>
      <line num="93" count="4" type="stmt"/>
      <line num="95" count="13" type="stmt"/>
      <line num="98" count="21" type="cond" truecount="2" falsecount="0"/>
      <line num="99" count="9" type="cond" truecount="2" falsecount="0"/>
      <line num="100" count="9" type="stmt"/>
      <line num="102" count="9" type="cond" truecount="2" falsecount="0"/>
      <line num="103" count="5" type="stmt"/>
      <line num="105" count="4" type="stmt"/>
      <line num="107" count="9" type="stmt"/>
      <line num="111" count="29" type="stmt"/>
      <line num="125" count="0" type="stmt"/>
      <line num="127" count="0" type="stmt"/>
      <line num="128" count="0" type="stmt"/>
      <line num="129" count="0" type="cond" truecount="0" falsecount="2"/>
      <line num="130" count="0" type="cond" truecount="0" falsecount="2"/>
      <line num="134" count="0" type="stmt"/>
      <line num="141" count="0" type="stmt"/>
      <line num="150" count="89" type="stmt"/>
      <line num="166" count="89" type="cond" truecount="2" falsecount="0"/>
    </file>
  </project>
</coverage>
