{"/Users/renanbandeira/Desktop/bolao-cearastats/src/lib/scoring.ts": {"path":"/Users/renanbandeira/Desktop/bolao-cearastats/src/lib/scoring.ts","statementMap":{"0":{"start":{"line":6,"column":2},"end":{"line":6,"column":null}},"1":{"start":{"line":6,"column":24},"end":{"line":6,"column":null}},"2":{"start":{"line":7,"column":2},"end":{"line":7,"column":null}},"3":{"start":{"line":7,"column":26},"end":{"line":7,"column":null}},"4":{"start":{"line":8,"column":2},"end":{"line":8,"column":null}},"5":{"start":{"line":42,"column":37},"end":{"line":42,"column":null}},"6":{"start":{"line":43,"column":15},"end":{"line":43,"column":null}},"7":{"start":{"line":47,"column":4},"end":{"line":48,"column":null}},"8":{"start":{"line":50,"column":26},"end":{"line":50,"column":null}},"9":{"start":{"line":51,"column":23},"end":{"line":51,"column":null}},"10":{"start":{"line":52,"column":24},"end":{"line":52,"column":null}},"11":{"start":{"line":54,"column":2},"end":{"line":68,"column":null}},"12":{"start":{"line":55,"column":21},"end":{"line":55,"column":null}},"13":{"start":{"line":56,"column":22},"end":{"line":56,"column":null}},"14":{"start":{"line":58,"column":4},"end":{"line":64,"column":null}},"15":{"start":{"line":59,"column":6},"end":{"line":59,"column":null}},"16":{"start":{"line":60,"column":6},"end":{"line":60,"column":null}},"17":{"start":{"line":62,"column":6},"end":{"line":62,"column":null}},"18":{"start":{"line":63,"column":6},"end":{"line":63,"column":null}},"19":{"start":{"line":65,"column":2},"end":{"line":68,"column":null}},"20":{"start":{"line":66,"column":4},"end":{"line":66,"column":null}},"21":{"start":{"line":67,"column":4},"end":{"line":67,"column":null}},"22":{"start":{"line":71,"column":2},"end":{"line":109,"column":null}},"23":{"start":{"line":72,"column":33},"end":{"line":72,"column":null}},"24":{"start":{"line":75,"column":24},"end":{"line":77,"column":null}},"25":{"start":{"line":76,"column":16},"end":{"line":76,"column":null}},"26":{"start":{"line":80,"column":26},"end":{"line":82,"column":null}},"27":{"start":{"line":81,"column":16},"end":{"line":81,"column":null}},"28":{"start":{"line":84,"column":22},"end":{"line":84,"column":null}},"29":{"start":{"line":86,"column":4},"end":{"line":96,"column":null}},"30":{"start":{"line":87,"column":28},"end":{"line":87,"column":null}},"31":{"start":{"line":88,"column":32},"end":{"line":88,"column":null}},"32":{"start":{"line":90,"column":6},"end":{"line":94,"column":null}},"33":{"start":{"line":91,"column":8},"end":{"line":91,"column":null}},"34":{"start":{"line":93,"column":8},"end":{"line":93,"column":null}},"35":{"start":{"line":95,"column":6},"end":{"line":95,"column":null}},"36":{"start":{"line":98,"column":4},"end":{"line":108,"column":null}},"37":{"start":{"line":99,"column":30},"end":{"line":99,"column":null}},"38":{"start":{"line":100,"column":32},"end":{"line":100,"column":null}},"39":{"start":{"line":102,"column":6},"end":{"line":106,"column":null}},"40":{"start":{"line":103,"column":8},"end":{"line":103,"column":null}},"41":{"start":{"line":105,"column":8},"end":{"line":105,"column":null}},"42":{"start":{"line":107,"column":6},"end":{"line":107,"column":null}},"43":{"start":{"line":111,"column":2},"end":{"line":111,"column":null}},"44":{"start":{"line":125,"column":17},"end":{"line":125,"column":null}},"45":{"start":{"line":127,"column":2},"end":{"line":132,"column":null}},"46":{"start":{"line":128,"column":16},"end":{"line":128,"column":null}},"47":{"start":{"line":129,"column":4},"end":{"line":131,"column":null}},"48":{"start":{"line":130,"column":6},"end":{"line":130,"column":null}},"49":{"start":{"line":134,"column":2},"end":{"line":134,"column":null}},"50":{"start":{"line":141,"column":2},"end":{"line":141,"column":null}},"51":{"start":{"line":150,"column":31},"end":{"line":165,"column":null}},"52":{"start":{"line":166,"column":2},"end":{"line":166,"column":null}}},"fnMap":{"0":{"name":"getResult","decl":{"start":{"line":5,"column":16},"end":{"line":5,"column":26}},"loc":{"start":{"line":5,"column":71},"end":{"line":9,"column":null}},"line":5},"1":{"name":"calculatePoints","decl":{"start":{"line":36,"column":16},"end":{"line":36,"column":null}},"loc":{"start":{"line":41,"column":17},"end":{"line":112,"column":null}},"line":41},"2":{"name":"(anonymous_2)","decl":{"start":{"line":76,"column":6},"end":{"line":76,"column":16}},"loc":{"start":{"line":76,"column":16},"end":{"line":76,"column":null}},"line":76},"3":{"name":"(anonymous_3)","decl":{"start":{"line":81,"column":6},"end":{"line":81,"column":16}},"loc":{"start":{"line":81,"column":16},"end":{"line":81,"column":null}},"line":81},"4":{"name":"createCountMap","decl":{"start":{"line":121,"column":16},"end":{"line":121,"column":null}},"loc":{"start":{"line":124,"column":23},"end":{"line":135,"column":null}},"line":124},"5":{"name":"getScoreKey","decl":{"start":{"line":140,"column":16},"end":{"line":140,"column":28}},"loc":{"start":{"line":140,"column":50},"end":{"line":142,"column":null}},"line":140},"6":{"name":"sanitizePlayerName","decl":{"start":{"line":149,"column":16},"end":{"line":149,"column":35}},"loc":{"start":{"line":149,"column":63},"end":{"line":167,"column":null}},"line":149}},"branchMap":{"0":{"loc":{"start":{"line":6,"column":2},"end":{"line":6,"column":null}},"type":"if","locations":[{"start":{"line":6,"column":2},"end":{"line":6,"column":null}},{"start":{},"end":{}}],"line":6},"1":{"loc":{"start":{"line":7,"column":2},"end":{"line":7,"column":null}},"type":"if","locations":[{"start":{"line":7,"column":2},"end":{"line":7,"column":null}},{"start":{},"end":{}}],"line":7},"2":{"loc":{"start":{"line":47,"column":4},"end":{"line":48,"column":null}},"type":"binary-expr","locations":[{"start":{"line":47,"column":4},"end":{"line":47,"column":null}},{"start":{"line":48,"column":4},"end":{"line":48,"column":null}}],"line":47},"3":{"loc":{"start":{"line":54,"column":2},"end":{"line":68,"column":null}},"type":"if","locations":[{"start":{"line":54,"column":2},"end":{"line":68,"column":null}},{"start":{"line":65,"column":2},"end":{"line":68,"column":null}}],"line":54},"4":{"loc":{"start":{"line":58,"column":4},"end":{"line":64,"column":null}},"type":"if","locations":[{"start":{"line":58,"column":4},"end":{"line":64,"column":null}},{"start":{"line":61,"column":11},"end":{"line":64,"column":null}}],"line":58},"5":{"loc":{"start":{"line":65,"column":2},"end":{"line":68,"column":null}},"type":"if","locations":[{"start":{"line":65,"column":2},"end":{"line":68,"column":null}},{"start":{},"end":{}}],"line":65},"6":{"loc":{"start":{"line":71,"column":2},"end":{"line":109,"column":null}},"type":"if","locations":[{"start":{"line":71,"column":2},"end":{"line":109,"column":null}},{"start":{},"end":{}}],"line":71},"7":{"loc":{"start":{"line":71,"column":6},"end":{"line":71,"column":77}},"type":"binary-expr","locations":[{"start":{"line":71,"column":6},"end":{"line":71,"column":30}},{"start":{"line":71,"column":30},"end":{"line":71,"column":54}},{"start":{"line":71,"column":54},"end":{"line":71,"column":77}}],"line":71},"8":{"loc":{"start":{"line":75,"column":24},"end":{"line":77,"column":null}},"type":"binary-expr","locations":[{"start":{"line":75,"column":24},"end":{"line":77,"column":16}},{"start":{"line":77,"column":16},"end":{"line":77,"column":null}}],"line":75},"9":{"loc":{"start":{"line":80,"column":26},"end":{"line":82,"column":null}},"type":"binary-expr","locations":[{"start":{"line":80,"column":26},"end":{"line":82,"column":16}},{"start":{"line":82,"column":16},"end":{"line":82,"column":null}}],"line":80},"10":{"loc":{"start":{"line":86,"column":4},"end":{"line":96,"column":null}},"type":"if","locations":[{"start":{"line":86,"column":4},"end":{"line":96,"column":null}},{"start":{},"end":{}}],"line":86},"11":{"loc":{"start":{"line":87,"column":28},"end":{"line":87,"column":null}},"type":"cond-expr","locations":[{"start":{"line":87,"column":40},"end":{"line":87,"column":44}},{"start":{"line":87,"column":44},"end":{"line":87,"column":null}}],"line":87},"12":{"loc":{"start":{"line":90,"column":6},"end":{"line":94,"column":null}},"type":"if","locations":[{"start":{"line":90,"column":6},"end":{"line":94,"column":null}},{"start":{"line":92,"column":13},"end":{"line":94,"column":null}}],"line":90},"13":{"loc":{"start":{"line":98,"column":4},"end":{"line":108,"column":null}},"type":"if","locations":[{"start":{"line":98,"column":4},"end":{"line":108,"column":null}},{"start":{},"end":{}}],"line":98},"14":{"loc":{"start":{"line":99,"column":30},"end":{"line":99,"column":null}},"type":"cond-expr","locations":[{"start":{"line":99,"column":42},"end":{"line":99,"column":46}},{"start":{"line":99,"column":46},"end":{"line":99,"column":null}}],"line":99},"15":{"loc":{"start":{"line":102,"column":6},"end":{"line":106,"column":null}},"type":"if","locations":[{"start":{"line":102,"column":6},"end":{"line":106,"column":null}},{"start":{"line":104,"column":13},"end":{"line":106,"column":null}}],"line":102},"16":{"loc":{"start":{"line":129,"column":4},"end":{"line":131,"column":null}},"type":"if","locations":[{"start":{"line":129,"column":4},"end":{"line":131,"column":null}},{"start":{},"end":{}}],"line":129},"17":{"loc":{"start":{"line":130,"column":23},"end":{"line":130,"column":47}},"type":"binary-expr","locations":[{"start":{"line":130,"column":23},"end":{"line":130,"column":42}},{"start":{"line":130,"column":42},"end":{"line":130,"column":47}}],"line":130},"18":{"loc":{"start":{"line":166,"column":9},"end":{"line":166,"column":null}},"type":"cond-expr","locations":[{"start":{"line":166,"column":93},"end":{"line":166,"column":202}},{"start":{"line":166,"column":202},"end":{"line":166,"column":null}}],"line":166}},"s":{"0":58,"1":53,"2":5,"3":4,"4":1,"5":29,"6":29,"7":29,"8":29,"9":29,"10":29,"11":29,"12":25,"13":25,"14":25,"15":19,"16":19,"17":6,"18":6,"19":4,"20":3,"21":3,"22":29,"23":21,"24":21,"25":46,"26":21,"27":22,"28":21,"29":21,"30":13,"31":13,"32":13,"33":9,"34":4,"35":13,"36":21,"37":9,"38":9,"39":9,"40":5,"41":4,"42":9,"43":29,"44":0,"45":0,"46":0,"47":0,"48":0,"49":0,"50":0,"51":89,"52":89},"f":{"0":58,"1":29,"2":46,"3":22,"4":0,"5":0,"6":89},"b":{"0":[53,5],"1":[4,1],"2":[29,26],"3":[25,4],"4":[19,6],"5":[3,1],"6":[21,8],"7":[29,22,1],"8":[21,8],"9":[21,12],"10":[13,8],"11":[9,4],"12":[9,4],"13":[9,12],"14":[5,4],"15":[5,4],"16":[0,0],"17":[0,0],"18":[3,86]},"meta":{"lastBranch":19,"lastFunction":7,"lastStatement":53,"seen":{"f:5:16:5:26":0,"b:6:2:6:Infinity:undefined:undefined:undefined:undefined":0,"s:6:2:6:Infinity":0,"s:6:24:6:Infinity":1,"b:7:2:7:Infinity:undefined:undefined:undefined:undefined":1,"s:7:2:7:Infinity":2,"s:7:26:7:Infinity":3,"s:8:2:8:Infinity":4,"f:36:16:36:Infinity":1,"s:42:37:42:Infinity":5,"s:43:15:43:Infinity":6,"s:47:4:48:Infinity":7,"b:47:4:47:Infinity:48:4:48:Infinity":2,"s:50:26:50:Infinity":8,"s:51:23:51:Infinity":9,"s:52:24:52:Infinity":10,"b:54:2:68:Infinity:65:2:68:Infinity":3,"s:54:2:68:Infinity":11,"s:55:21:55:Infinity":12,"s:56:22:56:Infinity":13,"b:58:4:64:Infinity:61:11:64:Infinity":4,"s:58:4:64:Infinity":14,"s:59:6:59:Infinity":15,"s:60:6:60:Infinity":16,"s:62:6:62:Infinity":17,"s:63:6:63:Infinity":18,"b:65:2:68:Infinity:undefined:undefined:undefined:undefined":5,"s:65:2:68:Infinity":19,"s:66:4:66:Infinity":20,"s:67:4:67:Infinity":21,"b:71:2:109:Infinity:undefined:undefined:undefined:undefined":6,"s:71:2:109:Infinity":22,"b:71:6:71:30:71:30:71:54:71:54:71:77":7,"s:72:33:72:Infinity":23,"s:75:24:77:Infinity":24,"b:75:24:77:16:77:16:77:Infinity":8,"f:76:6:76:16":2,"s:76:16:76:Infinity":25,"s:80:26:82:Infinity":26,"b:80:26:82:16:82:16:82:Infinity":9,"f:81:6:81:16":3,"s:81:16:81:Infinity":27,"s:84:22:84:Infinity":28,"b:86:4:96:Infinity:undefined:undefined:undefined:undefined":10,"s:86:4:96:Infinity":29,"s:87:28:87:Infinity":30,"b:87:40:87:44:87:44:87:Infinity":11,"s:88:32:88:Infinity":31,"b:90:6:94:Infinity:92:13:94:Infinity":12,"s:90:6:94:Infinity":32,"s:91:8:91:Infinity":33,"s:93:8:93:Infinity":34,"s:95:6:95:Infinity":35,"b:98:4:108:Infinity:undefined:undefined:undefined:undefined":13,"s:98:4:108:Infinity":36,"s:99:30:99:Infinity":37,"b:99:42:99:46:99:46:99:Infinity":14,"s:100:32:100:Infinity":38,"b:102:6:106:Infinity:104:13:106:Infinity":15,"s:102:6:106:Infinity":39,"s:103:8:103:Infinity":40,"s:105:8:105:Infinity":41,"s:107:6:107:Infinity":42,"s:111:2:111:Infinity":43,"f:121:16:121:Infinity":4,"s:125:17:125:Infinity":44,"s:127:2:132:Infinity":45,"s:128:16:128:Infinity":46,"b:129:4:131:Infinity:undefined:undefined:undefined:undefined":16,"s:129:4:131:Infinity":47,"s:130:6:130:Infinity":48,"b:130:23:130:42:130:42:130:47":17,"s:134:2:134:Infinity":49,"f:140:16:140:28":5,"s:141:2:141:Infinity":50,"f:149:16:149:35":6,"s:150:31:165:Infinity":51,"s:166:2:166:Infinity":52,"b:166:93:166:202:166:202:166:Infinity":18}}}
}
